<?xml version="1.0" encoding="UTF-8"?>
<!-- Generated by org.testng.reporters.JUnitReportReporter -->
<testsuite hostname="LAPTOP-CJ5HVDLA" failures="0" tests="1" name="datadrivenFramework.ExcelDataRead" time="1.093" errors="0" timestamp="2024-01-06T23:03:27 IST" skipped="0">
  <testcase classname="datadrivenFramework.ExcelDataRead" name="dataRead" time="1.093"/>
  <system-out/>
</testsuite> <!-- datadrivenFramework.ExcelDataRead -->
