<?xml version="1.0" encoding="UTF-8"?>
<!-- Generated by org.testng.reporters.JUnitReportReporter -->
<testsuite hostname="LAPTOP-CJ5HVDLA" failures="0" tests="2" name="TestNG_Demo.TestDemo1" time="0.008" errors="0" timestamp="2023-12-27T22:05:17 IST" skipped="0">
  <testcase classname="TestNG_Demo.TestDemo1" name="testCase2" time="0.003"/>
  <system-out/>
  <testcase classname="TestNG_Demo.TestDemo1" name="testCase1" time="0.005"/>
  <system-out/>
</testsuite> <!-- TestNG_Demo.TestDemo1 -->
