<?xml version="1.0" encoding="UTF-8"?>
<!-- Generated by org.testng.reporters.JUnitReportReporter -->
<testsuite hostname="LAPTOP-CJ5HVDLA" failures="0" tests="2" name="TestNG_Demo.GroupDemo" time="0.020" errors="0" timestamp="2023-12-27T23:07:50 IST" skipped="0">
  <testcase classname="TestNG_Demo.GroupDemo" name="verifyURL" time="0.018"/>
  <system-out/>
  <testcase classname="TestNG_Demo.GroupDemo" name="verifylink" time="0.002"/>
  <system-out/>
</testsuite> <!-- TestNG_Demo.GroupDemo -->
