<?xml version="1.0" encoding="UTF-8"?>
<!-- Generated by org.testng.reporters.JUnitReportReporter -->
<testsuite hostname="LAPTOP-CJ5HVDLA" failures="0" tests="3" name="TestNG_Demo.TestDemo2" time="28.472" errors="0" timestamp="2023-12-27T22:05:17 IST" skipped="0">
  <testcase classname="TestNG_Demo.TestDemo2" name="edgeTest" time="10.915"/>
  <system-out/>
  <testcase classname="TestNG_Demo.TestDemo2" name="FirefoxTest" time="11.686"/>
  <system-out/>
  <testcase classname="TestNG_Demo.TestDemo2" name="chromeTest" time="5.871"/>
  <system-out/>
</testsuite> <!-- TestNG_Demo.TestDemo2 -->
