<?xml version="1.0" encoding="UTF-8"?>
<!-- Generated by org.testng.reporters.JUnitReportReporter -->
<testsuite hostname="LAPTOP-CJ5HVDLA" failures="0" tests="1" name="realTime_AnnotationsUse.CRMTestBasic" time="6.542" errors="0" timestamp="2023-12-30T16:13:25 IST" skipped="0">
  <testcase classname="realTime_AnnotationsUse.CRMTestBasic" name="crmTest" time="6.542"/>
  <system-out/>
</testsuite> <!-- realTime_AnnotationsUse.CRMTestBasic -->
