<?xml version="1.0" encoding="UTF-8"?>
<!-- Generated by org.testng.reporters.JUnitReportReporter -->
<testsuite hostname="LAPTOP-CJ5HVDLA" failures="0" tests="4" name="TestNG_Demo.TestDemo3_Priority" time="0.024" errors="0" timestamp="2023-12-27T22:05:17 IST" skipped="0">
  <testcase classname="TestNG_Demo.TestDemo3_Priority" name="registrationTest" time="0.015"/>
  <system-out/>
  <testcase classname="TestNG_Demo.TestDemo3_Priority" name="loginTest" time="0.003"/>
  <system-out/>
  <testcase classname="TestNG_Demo.TestDemo3_Priority" name="searchTest" time="0.003"/>
  <system-out/>
  <testcase classname="TestNG_Demo.TestDemo3_Priority" name="addToCartTest" time="0.003"/>
  <system-out/>
</testsuite> <!-- TestNG_Demo.TestDemo3_Priority -->
