<?xml version="1.0" encoding="UTF-8"?>
<!-- Generated by org.testng.reporters.JUnitReportReporter -->
<testsuite hostname="LAPTOP-CJ5HVDLA" failures="0" tests="2" name="TestNG_Demo.TestDependsOnMethodDemo" time="0.008" errors="0" timestamp="2023-12-27T22:05:17 IST" skipped="0">
  <testcase classname="TestNG_Demo.TestDependsOnMethodDemo" name="register" time="0.006"/>
  <system-out/>
  <testcase classname="TestNG_Demo.TestDependsOnMethodDemo" name="login" time="0.002"/>
  <system-out/>
</testsuite> <!-- TestNG_Demo.TestDependsOnMethodDemo -->
