<?xml version="1.0" encoding="UTF-8"?>
<!-- Generated by org.testng.reporters.JUnitReportReporter -->
<testsuite hostname="LAPTOP-CJ5HVDLA" failures="0" tests="3" name="parallel_CrossBrowserTest.CrossBrowserTest" time="165.942" errors="0" timestamp="2024-01-06T13:44:53 IST" skipped="0">
  <testcase classname="parallel_CrossBrowserTest.CrossBrowserTest" name="browserTest" time="13.518"/>
  <system-out/>
  <testcase classname="parallel_CrossBrowserTest.CrossBrowserTest" name="browserTest" time="2.914"/>
  <system-out/>
  <testcase classname="parallel_CrossBrowserTest.CrossBrowserTest" name="browserTest" time="149.510"/>
  <system-out/>
</testsuite> <!-- parallel_CrossBrowserTest.CrossBrowserTest -->
