<?xml version="1.0" encoding="UTF-8"?>
<!-- Generated by org.testng.reporters.JUnitReportReporter -->
<testsuite hostname="LAPTOP-CJ5HVDLA" failures="0" tests="5" name="TestNG_Demo.TestDemo4_InvocationCount" time="0.009" errors="0" timestamp="2023-12-27T22:05:17 IST" skipped="0">
  <testcase classname="TestNG_Demo.TestDemo4_InvocationCount" name="enrollforCourse" time="0.002"/>
  <system-out/>
  <testcase classname="TestNG_Demo.TestDemo4_InvocationCount" name="training" time="0.002"/>
  <system-out/>
  <testcase classname="TestNG_Demo.TestDemo4_InvocationCount" name="placement" time="0.002"/>
  <system-out/>
  <testcase classname="TestNG_Demo.TestDemo4_InvocationCount" name="placement" time="0.002"/>
  <system-out/>
  <testcase classname="TestNG_Demo.TestDemo4_InvocationCount" name="placement" time="0.001"/>
  <system-out/>
</testsuite> <!-- TestNG_Demo.TestDemo4_InvocationCount -->
