<?xml version="1.0" encoding="UTF-8"?>
<!-- Generated by org.testng.reporters.JUnitReportReporter -->
<testsuite hostname="LAPTOP-CJ5HVDLA" failures="0" tests="1" name="TestNG_Demo.PropertiesFileGoogleRead" time="4.122" errors="0" timestamp="2024-01-06T10:38:19 IST" skipped="0">
  <testcase classname="TestNG_Demo.PropertiesFileGoogleRead" name="readfile" time="4.122"/>
  <system-out/>
</testsuite> <!-- TestNG_Demo.PropertiesFileGoogleRead -->
