<?xml version="1.0" encoding="UTF-8"?>
<!-- Generated by org.testng.reporters.JUnitReportReporter -->
<testsuite hostname="LAPTOP-CJ5HVDLA" failures="0" tests="1" name="TestNG_Demo.TestDataUsingXml" time="0.017" errors="0" timestamp="2024-01-06T07:39:21 IST" skipped="0">
  <testcase classname="TestNG_Demo.TestDataUsingXml" name="loginTest" time="0.017"/>
  <system-out/>
</testsuite> <!-- TestNG_Demo.TestDataUsingXml -->
