<?xml version="1.0" encoding="UTF-8"?>
<!-- Generated by org.testng.reporters.JUnitReportReporter -->
<testsuite hostname="LAPTOP-CJ5HVDLA" failures="0" tests="3" name="TestNG_Demo.AnnotationDemo" time="0.017" errors="0" timestamp="2023-12-28T18:12:54 IST" skipped="0">
  <testcase classname="TestNG_Demo.AnnotationDemo" name="registerTest" time="0.011"/>
  <system-out/>
  <testcase classname="TestNG_Demo.AnnotationDemo" name="loginTest" time="0.003"/>
  <system-out/>
  <testcase classname="TestNG_Demo.AnnotationDemo" name="logoutTest" time="0.003"/>
  <system-out/>
</testsuite> <!-- TestNG_Demo.AnnotationDemo -->
