<?xml version="1.0" encoding="UTF-8"?>
<!-- Generated by org.testng.reporters.JUnitReportReporter -->
<testsuite hostname="LAPTOP-CJ5HVDLA" failures="0" tests="1" name="TestNG_Demo.ScreenShot_Demo" time="3.931" errors="0" timestamp="2024-01-06T06:26:45 IST" skipped="0">
  <testcase classname="TestNG_Demo.ScreenShot_Demo" name="capture" time="3.931"/>
  <system-out/>
</testsuite> <!-- TestNG_Demo.ScreenShot_Demo -->
