<?xml version="1.0" encoding="UTF-8"?>
<!-- Generated by org.testng.reporters.JUnitReportReporter -->
<testsuite hostname="LAPTOP-CJ5HVDLA" failures="0" tests="3" name="parallel_CrossBrowserTest.ParallelWithMethod" time="101.287" errors="0" timestamp="2024-01-06T11:42:46 IST" skipped="0">
  <testcase classname="parallel_CrossBrowserTest.ParallelWithMethod" name="edgeTest" time="89.039"/>
  <system-out/>
  <testcase classname="parallel_CrossBrowserTest.ParallelWithMethod" name="FirefoxTest" time="7.096"/>
  <system-out/>
  <testcase classname="parallel_CrossBrowserTest.ParallelWithMethod" name="chromeTest" time="5.152"/>
  <system-out/>
</testsuite> <!-- parallel_CrossBrowserTest.ParallelWithMethod -->
