<?xml version="1.0" encoding="UTF-8"?>
<!-- Generated by org.testng.reporters.JUnitReportReporter -->
<testsuite hostname="LAPTOP-CJ5HVDLA" failures="0" tests="1" name="TestNG_Demo.HrmDataPassingUsingXml" time="10.355" errors="0" timestamp="2024-01-06T08:20:34 IST" skipped="0">
  <testcase classname="TestNG_Demo.HrmDataPassingUsingXml" name="loginTest" time="10.355"/>
  <system-out/>
</testsuite> <!-- TestNG_Demo.HrmDataPassingUsingXml -->
