<?xml version="1.0" encoding="UTF-8"?>
<!-- Generated by org.testng.reporters.JUnitReportReporter -->
<testsuite hostname="LAPTOP-CJ5HVDLA" failures="0" tests="4" name="datadrivenFramework.Usingarray" time="0.018" errors="0" timestamp="2024-01-06T18:16:29 IST" skipped="0">
  <testcase classname="datadrivenFramework.Usingarray" name="loginTest" time="0.003"/>
  <system-out/>
  <testcase classname="datadrivenFramework.Usingarray" name="loginTest" time="0.011"/>
  <system-out/>
  <testcase classname="datadrivenFramework.Usingarray" name="loginTest" time="0.002"/>
  <system-out/>
  <testcase classname="datadrivenFramework.Usingarray" name="loginTest" time="0.002"/>
  <system-out/>
</testsuite> <!-- datadrivenFramework.Usingarray -->
