<?xml version="1.0" encoding="UTF-8"?>
<!-- Generated by org.testng.reporters.JUnitReportReporter -->
<testsuite hostname="LAPTOP-CJ5HVDLA" failures="0" tests="2" name="realTime_AnnotationsUse.CRMTestCases" time="4.141" errors="0" timestamp="2023-12-30T17:06:58 IST" skipped="0">
  <testcase classname="realTime_AnnotationsUse.CRMTestCases" name="SigninlinkValidation" time="1.477"/>
  <system-out/>
  <testcase classname="realTime_AnnotationsUse.CRMTestCases" name="loginValidation" time="2.664"/>
  <system-out/>
</testsuite> <!-- realTime_AnnotationsUse.CRMTestCases -->
