<?xml version="1.0" encoding="UTF-8"?>
<!-- Generated by org.testng.reporters.JUnitReportReporter -->
<testsuite hostname="LAPTOP-CJ5HVDLA" failures="0" tests="4" name="TestNG_Demo.TestDisablefromexecution" time="0.018" errors="0" timestamp="2023-12-27T22:41:44 IST" skipped="1">
  <testcase classname="TestNG_Demo.TestDisablefromexecution" name="testCase3" time="0.002"/>
  <system-out/>
  <testcase classname="TestNG_Demo.TestDisablefromexecution" name="testCase1" time="0.014"/>
  <system-out/>
  <testcase classname="TestNG_Demo.TestDisablefromexecution" name="testCase2" time="0.002"/>
  <system-out/>
  <testcase classname="TestNG_Demo.TestDisablefromexecution" name="testCase4">
    <skipped/>
  </testcase> <!-- testCase4 -->
  <system-out/>
</testsuite> <!-- TestNG_Demo.TestDisablefromexecution -->
